  [1m[36m (13.4ms)[0m  [1mCREATE TABLE "schema_migrations" ("version" varchar NOT NULL) [0m
  [1m[35m (6.2ms)[0m  select sqlite_version(*)
  [1m[36m (12.6ms)[0m  [1mCREATE UNIQUE INDEX "unique_schema_migrations" ON "schema_migrations" ("version")[0m
  [1m[35mActiveRecord::SchemaMigration Load (0.1ms)[0m  SELECT "schema_migrations".* FROM "schema_migrations"
Migrating to CreateUsers (20170105122928)
  [1m[36m (0.1ms)[0m  [1mbegin transaction[0m
  [1m[35m (1.0ms)[0m  CREATE TABLE "users" ("id" INTEGER PRIMARY KEY AUTOINCREMENT NOT NULL, "created_at" datetime NOT NULL, "updated_at" datetime NOT NULL) 
  [1m[36mSQL (0.3ms)[0m  [1mINSERT INTO "schema_migrations" ("version") VALUES (?)[0m  [["version", "20170105122928"]]
  [1m[35m (1.1ms)[0m  commit transaction
  [1m[36mActiveRecord::SchemaMigration Load (0.1ms)[0m  [1mSELECT "schema_migrations".* FROM "schema_migrations"[0m
  [1m[36mActiveRecord::SchemaMigration Load (0.3ms)[0m  [1mSELECT "schema_migrations".* FROM "schema_migrations"[0m
Migrating to AddColumnsToUsers (20170105140109)
  [1m[35m (0.1ms)[0m  begin transaction
  [1m[36m (1.5ms)[0m  [1mALTER TABLE "users" ADD "last_name" varchar[0m
  [1m[35m (0.2ms)[0m  ALTER TABLE "users" ADD "first_name" varchar
  [1m[36m (0.1ms)[0m  [1mALTER TABLE "users" ADD "client_id" varchar[0m
  [1m[35m (0.1ms)[0m  ALTER TABLE "users" ADD "fb_uid" varchar
  [1m[36m (0.1ms)[0m  [1mALTER TABLE "users" ADD "fb_token" varchar[0m
  [1m[35mSQL (0.2ms)[0m  INSERT INTO "schema_migrations" ("version") VALUES (?)  [["version", "20170105140109"]]
  [1m[36m (1.0ms)[0m  [1mcommit transaction[0m
  [1m[35mActiveRecord::SchemaMigration Load (0.1ms)[0m  SELECT "schema_migrations".* FROM "schema_migrations"
